<?xml version="1.0" encoding="UTF-8"?>
<testng-results ignored="0" total="1" passed="1" failed="0" skipped="0">
  <reporter-output>
  </reporter-output>
  <suite started-at="2021-02-05T13:50:34 IST" name="Default suite" finished-at="2021-02-05T13:50:45 IST" duration-ms="11320">
    <groups>
    </groups>
    <test started-at="2021-02-05T13:50:34 IST" name="Default test" finished-at="2021-02-05T13:50:45 IST" duration-ms="11320">
      <class name="com.selenium.Test.Test_01">
        <test-method signature="sel_01()[pri:0, instance:com.selenium.Test.Test_01@7c351808]" started-at="2021-02-05T13:50:34 IST" name="sel_01" finished-at="2021-02-05T13:50:45 IST" duration-ms="11294" status="PASS">
          <reporter-output>
          </reporter-output>
        </test-method> <!-- sel_01 -->
      </class> <!-- com.selenium.Test.Test_01 -->
    </test> <!-- Default test -->
  </suite> <!-- Default suite -->
</testng-results>
